<?xml version="1.0" encoding="UTF-8"?>
<!-- Generated by org.testng.reporters.JUnitXMLReporter -->
<testsuite ignored="0" hostname="KTLPT1480" failures="6" tests="16" name="PetTests" time="56.487" errors="0" timestamp="2025-07-01T15:54:46 IST">
  <testcase classname="api.test.UserTests" name="getLoginUser" time="5.143"/>
  <testcase classname="api.test.UserTests" name="testPostUser" time="1.237"/>
  <testcase classname="api.test.UserTests" name="testGetUserByName" time="4.756">
    <failure type="junit.framework.AssertionFailedError" message="expected:&amp;lt;404&amp;gt; but was:&amp;lt;200&amp;gt;">
      <![CDATA[junit.framework.AssertionFailedError: expected:<404> but was:<200>
at junit.framework.Assert.fail(Assert.java:47)
at junit.framework.Assert.failNotEquals(Assert.java:282)
at junit.framework.Assert.assertEquals(Assert.java:64)
at junit.framework.Assert.assertEquals(Assert.java:201)
at junit.framework.Assert.assertEquals(Assert.java:207)
at api.test.UserTests.testGetUserByName(UserTests.java:64)
at java.base/java.util.ArrayList.forEach(ArrayList.java:1541)
... Removed 27 stack frames]]>
    </failure>
  </testcase> <!-- testGetUserByName -->
  <testcase classname="api.test.UserTests" name="testUpdateUserByName" time="7.6"/>
  <testcase classname="api.test.UserTests" name="testDeleteUserByName" time="1.203"/>
  <testcase classname="api.test.UserTests" name="getLogoutUser" time="2.381"/>
  <testcase classname="api.test.DDTests" name="testPostUser" time="3.859"/>
  <testcase classname="api.test.DDTests" name="testPostUser" time="1.922"/>
  <testcase classname="api.test.DDTests" name="testPostUser" time="2.224"/>
  <testcase classname="api.test.DDTests" name="testDeleteUserEmails" time="3.485">
    <failure type="junit.framework.AssertionFailedError" message="expected:&amp;lt;404&amp;gt; but was:&amp;lt;200&amp;gt;">
      <![CDATA[junit.framework.AssertionFailedError: expected:<404> but was:<200>
at junit.framework.Assert.fail(Assert.java:47)
at junit.framework.Assert.failNotEquals(Assert.java:282)
at junit.framework.Assert.assertEquals(Assert.java:64)
at junit.framework.Assert.assertEquals(Assert.java:201)
at junit.framework.Assert.assertEquals(Assert.java:207)
at api.test.DDTests.testDeleteUserEmails(DDTests.java:34)
at java.base/java.util.ArrayList.forEach(ArrayList.java:1541)
... Removed 27 stack frames]]>
    </failure>
  </testcase> <!-- testDeleteUserEmails -->
  <testcase classname="api.test.DDTests" name="testDeleteUserEmails" time="2.144">
    <failure type="junit.framework.AssertionFailedError" message="expected:&amp;lt;404&amp;gt; but was:&amp;lt;200&amp;gt;">
      <![CDATA[junit.framework.AssertionFailedError: expected:<404> but was:<200>
at junit.framework.Assert.fail(Assert.java:47)
at junit.framework.Assert.failNotEquals(Assert.java:282)
at junit.framework.Assert.assertEquals(Assert.java:64)
at junit.framework.Assert.assertEquals(Assert.java:201)
at junit.framework.Assert.assertEquals(Assert.java:207)
at api.test.DDTests.testDeleteUserEmails(DDTests.java:34)
at java.base/java.util.ArrayList.forEach(ArrayList.java:1541)
... Removed 27 stack frames]]>
    </failure>
  </testcase> <!-- testDeleteUserEmails -->
  <testcase classname="api.test.DDTests" name="testDeleteUserEmails" time="2.529">
    <failure type="junit.framework.AssertionFailedError" message="expected:&amp;lt;404&amp;gt; but was:&amp;lt;200&amp;gt;">
      <![CDATA[junit.framework.AssertionFailedError: expected:<404> but was:<200>
at junit.framework.Assert.fail(Assert.java:47)
at junit.framework.Assert.failNotEquals(Assert.java:282)
at junit.framework.Assert.assertEquals(Assert.java:64)
at junit.framework.Assert.assertEquals(Assert.java:201)
at junit.framework.Assert.assertEquals(Assert.java:207)
at api.test.DDTests.testDeleteUserEmails(DDTests.java:34)
at java.base/java.util.ArrayList.forEach(ArrayList.java:1541)
... Removed 27 stack frames]]>
    </failure>
  </testcase> <!-- testDeleteUserEmails -->
  <testcase classname="api.test.StoreTests" name="readStoreOrder" time="4.599"/>
  <testcase classname="api.test.StoreTests" name="createStoreOrder" time="2.27">
    <failure type="junit.framework.AssertionFailedError" message="expected:&amp;lt;500&amp;gt; but was:&amp;lt;200&amp;gt;">
      <![CDATA[junit.framework.AssertionFailedError: expected:<500> but was:<200>
at junit.framework.Assert.fail(Assert.java:47)
at junit.framework.Assert.failNotEquals(Assert.java:282)
at junit.framework.Assert.assertEquals(Assert.java:64)
at junit.framework.Assert.assertEquals(Assert.java:201)
at junit.framework.Assert.assertEquals(Assert.java:207)
at api.test.StoreTests.createStoreOrder(StoreTests.java:52)
at java.base/java.util.ArrayList.forEach(ArrayList.java:1541)
... Removed 27 stack frames]]>
    </failure>
  </testcase> <!-- createStoreOrder -->
  <testcase classname="api.test.PetTests" name="readPet" time="4.691"/>
  <testcase classname="api.test.PetTests" name="createPetid" time="3.382">
    <failure type="junit.framework.AssertionFailedError" message="expected:&amp;lt;415&amp;gt; but was:&amp;lt;200&amp;gt;">
      <![CDATA[junit.framework.AssertionFailedError: expected:<415> but was:<200>
at junit.framework.Assert.fail(Assert.java:47)
at junit.framework.Assert.failNotEquals(Assert.java:282)
at junit.framework.Assert.assertEquals(Assert.java:64)
at junit.framework.Assert.assertEquals(Assert.java:201)
at junit.framework.Assert.assertEquals(Assert.java:207)
at api.test.PetTests.createPetid(PetTests.java:32)
at java.base/java.util.ArrayList.forEach(ArrayList.java:1541)
... Removed 27 stack frames]]>
    </failure>
  </testcase> <!-- createPetid -->
</testsuite> <!-- PetTests -->
